This is pdfTeX, Version 3.141592653-2.6-1.40.22 (TeX Live 2021) (preloaded format=pdflatex 2021.8.9)  7 NOV 2022 16:10
entering extended mode
 restricted \write18 enabled.
 file:line:error style messages enabled.
 %&-line parsing enabled.
**"/Users/matt/Documents/Github/latex-2nd-brain/Pianificazione Automatica e Sistemi di Supporto delle Decisioni/main.tex"
(/Users/matt/Documents/Github/latex-2nd-brain/Pianificazione Automatica e Sistemi di Supporto delle Decisioni/main.tex
LaTeX2e <2020-10-01> patch level 4
L3 programming layer <2021-02-18> (/usr/local/texlive/2021/texmf-dist/tex/latex/IEEEtran/IEEEtran.cls
Document Class: IEEEtran 2015/08/26 V1.8b by Michael Shell
-- See the "IEEEtran_HOWTO" manual for usage information.
-- http://www.michaelshell.org/tex/ieeetran/
\@IEEEtrantmpdimenA=\dimen138
\@IEEEtrantmpdimenB=\dimen139
\@IEEEtrantmpdimenC=\dimen140
\@IEEEtrantmpcountA=\count179
\@IEEEtrantmpcountB=\count180
\@IEEEtrantmpcountC=\count181
\@IEEEtrantmptoksA=\toks15
LaTeX Font Info:    Trying to load font information for OT1+ptm on input line 503.
(/usr/local/texlive/2021/texmf-dist/tex/latex/psnfss/ot1ptm.fd
File: ot1ptm.fd 2001/06/04 font definitions for OT1/ptm.
)
-- Using 8.5in x 11in (letter) paper.
-- Using PDF output.
\@IEEEnormalsizeunitybaselineskip=\dimen141
-- This is a 10 point document.
\CLASSINFOnormalsizebaselineskip=\dimen142
\CLASSINFOnormalsizeunitybaselineskip=\dimen143
\IEEEnormaljot=\dimen144
LaTeX Font Info:    Font shape `OT1/ptm/bx/n' in size <5> not available
(Font)              Font shape `OT1/ptm/b/n' tried instead on input line 1090.
LaTeX Font Info:    Font shape `OT1/ptm/bx/it' in size <5> not available
(Font)              Font shape `OT1/ptm/b/it' tried instead on input line 1090.
LaTeX Font Info:    Font shape `OT1/ptm/bx/n' in size <7> not available
(Font)              Font shape `OT1/ptm/b/n' tried instead on input line 1090.
LaTeX Font Info:    Font shape `OT1/ptm/bx/it' in size <7> not available
(Font)              Font shape `OT1/ptm/b/it' tried instead on input line 1090.
LaTeX Font Info:    Font shape `OT1/ptm/bx/n' in size <8> not available
(Font)              Font shape `OT1/ptm/b/n' tried instead on input line 1090.
LaTeX Font Info:    Font shape `OT1/ptm/bx/it' in size <8> not available
(Font)              Font shape `OT1/ptm/b/it' tried instead on input line 1090.
LaTeX Font Info:    Font shape `OT1/ptm/bx/n' in size <9> not available
(Font)              Font shape `OT1/ptm/b/n' tried instead on input line 1090.
LaTeX Font Info:    Font shape `OT1/ptm/bx/it' in size <9> not available
(Font)              Font shape `OT1/ptm/b/it' tried instead on input line 1090.
LaTeX Font Info:    Font shape `OT1/ptm/bx/n' in size <10> not available
(Font)              Font shape `OT1/ptm/b/n' tried instead on input line 1090.
LaTeX Font Info:    Font shape `OT1/ptm/bx/it' in size <10> not available
(Font)              Font shape `OT1/ptm/b/it' tried instead on input line 1090.
LaTeX Font Info:    Font shape `OT1/ptm/bx/n' in size <11> not available
(Font)              Font shape `OT1/ptm/b/n' tried instead on input line 1090.
LaTeX Font Info:    Font shape `OT1/ptm/bx/it' in size <11> not available
(Font)              Font shape `OT1/ptm/b/it' tried instead on input line 1090.
LaTeX Font Info:    Font shape `OT1/ptm/bx/n' in size <12> not available
(Font)              Font shape `OT1/ptm/b/n' tried instead on input line 1090.
LaTeX Font Info:    Font shape `OT1/ptm/bx/it' in size <12> not available
(Font)              Font shape `OT1/ptm/b/it' tried instead on input line 1090.
LaTeX Font Info:    Font shape `OT1/ptm/bx/n' in size <17> not available
(Font)              Font shape `OT1/ptm/b/n' tried instead on input line 1090.
LaTeX Font Info:    Font shape `OT1/ptm/bx/it' in size <17> not available
(Font)              Font shape `OT1/ptm/b/it' tried instead on input line 1090.
LaTeX Font Info:    Font shape `OT1/ptm/bx/n' in size <20> not available
(Font)              Font shape `OT1/ptm/b/n' tried instead on input line 1090.
LaTeX Font Info:    Font shape `OT1/ptm/bx/it' in size <20> not available
(Font)              Font shape `OT1/ptm/b/it' tried instead on input line 1090.
LaTeX Font Info:    Font shape `OT1/ptm/bx/n' in size <24> not available
(Font)              Font shape `OT1/ptm/b/n' tried instead on input line 1090.
LaTeX Font Info:    Font shape `OT1/ptm/bx/it' in size <24> not available
(Font)              Font shape `OT1/ptm/b/it' tried instead on input line 1090.
\IEEEquantizedlength=\dimen145
\IEEEquantizedlengthdiff=\dimen146
\IEEEquantizedtextheightdiff=\dimen147
\IEEEilabelindentA=\dimen148
\IEEEilabelindentB=\dimen149
\IEEEilabelindent=\dimen150
\IEEEelabelindent=\dimen151
\IEEEdlabelindent=\dimen152
\IEEElabelindent=\dimen153
\IEEEiednormlabelsep=\dimen154
\IEEEiedmathlabelsep=\dimen155
\IEEEiedtopsep=\skip47
\c@section=\count182
\c@subsection=\count183
\c@subsubsection=\count184
\c@paragraph=\count185
\c@IEEEsubequation=\count186
\abovecaptionskip=\skip48
\belowcaptionskip=\skip49
\c@figure=\count187
\c@table=\count188
\@IEEEeqnnumcols=\count189
\@IEEEeqncolcnt=\count190
\@IEEEsubeqnnumrollback=\count191
\@IEEEquantizeheightA=\dimen156
\@IEEEquantizeheightB=\dimen157
\@IEEEquantizeheightC=\dimen158
\@IEEEquantizeprevdepth=\dimen159
\@IEEEquantizemultiple=\count192
\@IEEEquantizeboxA=\box47
\@IEEEtmpitemindent=\dimen160
\IEEEPARstartletwidth=\dimen161
\c@IEEEbiography=\count193
\@IEEEtranrubishbin=\box48
)
** ATTENTION: Overriding command lockouts (line 2).
(/usr/local/texlive/2021/texmf-dist/tex/latex/fancyhdr/fancyhdr.sty
Package: fancyhdr 2021/01/28 v4.0.1 Extensive control of page headers and footers
\f@nch@headwidth=\skip50
\f@nch@O@elh=\skip51
\f@nch@O@erh=\skip52
\f@nch@O@olh=\skip53
\f@nch@O@orh=\skip54
\f@nch@O@elf=\skip55
\f@nch@O@erf=\skip56
\f@nch@O@olf=\skip57
\f@nch@O@orf=\skip58
) (/usr/local/texlive/2021/texmf-dist/tex/latex/graphics/graphicx.sty
Package: graphicx 2020/09/09 v1.2b Enhanced LaTeX Graphics (DPC,SPQR)
 (/usr/local/texlive/2021/texmf-dist/tex/latex/graphics/keyval.sty
Package: keyval 2014/10/28 v1.15 key=value parser (DPC)
\KV@toks@=\toks16
) (/usr/local/texlive/2021/texmf-dist/tex/latex/graphics/graphics.sty
Package: graphics 2020/08/30 v1.4c Standard LaTeX Graphics (DPC,SPQR)
 (/usr/local/texlive/2021/texmf-dist/tex/latex/graphics/trig.sty
Package: trig 2016/01/03 v1.10 sin cos tan (DPC)
) (/usr/local/texlive/2021/texmf-dist/tex/latex/graphics-cfg/graphics.cfg
File: graphics.cfg 2016/06/04 v1.11 sample graphics configuration
)
Package graphics Info: Driver file: pdftex.def on input line 105.
 (/usr/local/texlive/2021/texmf-dist/tex/latex/graphics-def/pdftex.def
File: pdftex.def 2020/10/05 v1.2a Graphics/color driver for pdftex
))
\Gin@req@height=\dimen162
\Gin@req@width=\dimen163
) (/usr/local/texlive/2021/texmf-dist/tex/generic/babel/babel.sty
Package: babel 2021/03/24 3.56 The Babel package
 (/usr/local/texlive/2021/texmf-dist/tex/generic/babel/babel.def
File: babel.def 2021/03/24 3.56 Babel common definitions
\babel@savecnt=\count194
\U@D=\dimen164
\l@babelnohyphens=\language87
 (/usr/local/texlive/2021/texmf-dist/tex/generic/babel/txtbabel.def)
\bbl@readstream=\read2
)
\bbl@dirlevel=\count195
 (/usr/local/texlive/2021/texmf-dist/tex/generic/babel-italian/italian.ldf
Language: italian 2020/05/21 v.1.4.04 Italian support for the babel system
\it@lettering=\count196
\it@doublequoteactive=\count197
\it@ISOcompliance=\count198
)) (/usr/local/texlive/2021/texmf-dist/tex/latex/etoolbox/etoolbox.sty
Package: etoolbox 2020/10/05 v2.5k e-TeX tools for LaTeX (JAW)
\etb@tempcnta=\count199
) (/usr/local/texlive/2021/texmf-dist/tex/latex/base/inputenc.sty
Package: inputenc 2020/08/01 v1.3d Input encoding file
\inpenc@prehook=\toks17
\inpenc@posthook=\toks18
) (/usr/local/texlive/2021/texmf-dist/tex/latex/graphics/color.sty
Package: color 2020/02/24 v1.2b Standard LaTeX Color (DPC)
 (/usr/local/texlive/2021/texmf-dist/tex/latex/graphics-cfg/color.cfg
File: color.cfg 2016/01/02 v1.6 sample color configuration
)
Package color Info: Driver file: pdftex.def on input line 147.
) (/usr/local/texlive/2021/texmf-dist/tex/latex/hyperref/hyperref.sty
Package: hyperref 2021-02-27 v7.00k Hypertext links for LaTeX
 (/usr/local/texlive/2021/texmf-dist/tex/generic/ltxcmds/ltxcmds.sty
Package: ltxcmds 2020-05-10 v1.25 LaTeX kernel commands for general use (HO)
) (/usr/local/texlive/2021/texmf-dist/tex/generic/iftex/iftex.sty
Package: iftex 2020/03/06 v1.0d TeX engine tests
) (/usr/local/texlive/2021/texmf-dist/tex/generic/pdftexcmds/pdftexcmds.sty
Package: pdftexcmds 2020-06-27 v0.33 Utility functions of pdfTeX for LuaTeX (HO)
 (/usr/local/texlive/2021/texmf-dist/tex/generic/infwarerr/infwarerr.sty
Package: infwarerr 2019/12/03 v1.5 Providing info/warning/error messages (HO)
)
Package pdftexcmds Info: \pdf@primitive is available.
Package pdftexcmds Info: \pdf@ifprimitive is available.
Package pdftexcmds Info: \pdfdraftmode found.
) (/usr/local/texlive/2021/texmf-dist/tex/generic/kvsetkeys/kvsetkeys.sty
Package: kvsetkeys 2019/12/15 v1.18 Key value parser (HO)
) (/usr/local/texlive/2021/texmf-dist/tex/generic/kvdefinekeys/kvdefinekeys.sty
Package: kvdefinekeys 2019-12-19 v1.6 Define keys (HO)
) (/usr/local/texlive/2021/texmf-dist/tex/generic/pdfescape/pdfescape.sty
Package: pdfescape 2019/12/09 v1.15 Implements pdfTeX's escape features (HO)
) (/usr/local/texlive/2021/texmf-dist/tex/latex/hycolor/hycolor.sty
Package: hycolor 2020-01-27 v1.10 Color options for hyperref/bookmark (HO)
) (/usr/local/texlive/2021/texmf-dist/tex/latex/letltxmacro/letltxmacro.sty
Package: letltxmacro 2019/12/03 v1.6 Let assignment for LaTeX macros (HO)
) (/usr/local/texlive/2021/texmf-dist/tex/latex/auxhook/auxhook.sty
Package: auxhook 2019-12-17 v1.6 Hooks for auxiliary files (HO)
) (/usr/local/texlive/2021/texmf-dist/tex/latex/kvoptions/kvoptions.sty
Package: kvoptions 2020-10-07 v3.14 Key value format for package options (HO)
)
\@linkdim=\dimen165
\Hy@linkcounter=\count266
\Hy@pagecounter=\count267
 (/usr/local/texlive/2021/texmf-dist/tex/latex/hyperref/pd1enc.def
File: pd1enc.def 2021-02-27 v7.00k Hyperref: PDFDocEncoding definition (HO)
Now handling font encoding PD1 ...
... no UTF-8 mapping file for font encoding PD1
) (/usr/local/texlive/2021/texmf-dist/tex/latex/hyperref/hyperref-langpatches.def
File: hyperref-langpatches.def 2021-02-27 v7.00k Hyperref: patches for babel languages
) (/usr/local/texlive/2021/texmf-dist/tex/generic/intcalc/intcalc.sty
Package: intcalc 2019/12/15 v1.3 Expandable calculations with integers (HO)
) (/usr/local/texlive/2021/texmf-dist/tex/generic/etexcmds/etexcmds.sty
Package: etexcmds 2019/12/15 v1.7 Avoid name clashes with e-TeX commands (HO)
)
\Hy@SavedSpaceFactor=\count268
 (/usr/local/texlive/2021/texmf-dist/tex/latex/hyperref/puenc.def
File: puenc.def 2021-02-27 v7.00k Hyperref: PDF Unicode definition (HO)
Now handling font encoding PU ...
... no UTF-8 mapping file for font encoding PU
)
Package hyperref Info: Hyper figures OFF on input line 4192.
Package hyperref Info: Link nesting OFF on input line 4197.
Package hyperref Info: Hyper index ON on input line 4200.
Package hyperref Info: Plain pages OFF on input line 4207.
Package hyperref Info: Backreferencing OFF on input line 4212.
Package hyperref Info: Implicit mode ON; LaTeX internals redefined.
Package hyperref Info: Bookmarks ON on input line 4445.
\c@Hy@tempcnt=\count269
 (/usr/local/texlive/2021/texmf-dist/tex/latex/url/url.sty
\Urlmuskip=\muskip16
Package: url 2013/09/16  ver 3.4  Verb mode for urls, etc.
)
LaTeX Info: Redefining \url on input line 4804.
\XeTeXLinkMargin=\dimen166
 (/usr/local/texlive/2021/texmf-dist/tex/generic/bitset/bitset.sty
Package: bitset 2019/12/09 v1.3 Handle bit-vector datatype (HO)
 (/usr/local/texlive/2021/texmf-dist/tex/generic/bigintcalc/bigintcalc.sty
Package: bigintcalc 2019/12/15 v1.5 Expandable calculations on big integers (HO)
))
\Fld@menulength=\count270
\Field@Width=\dimen167
\Fld@charsize=\dimen168
Package hyperref Info: Hyper figures OFF on input line 6075.
Package hyperref Info: Link nesting OFF on input line 6080.
Package hyperref Info: Hyper index ON on input line 6083.
Package hyperref Info: backreferencing OFF on input line 6090.
Package hyperref Info: Link coloring OFF on input line 6095.
Package hyperref Info: Link coloring with OCG OFF on input line 6100.
Package hyperref Info: PDF/A mode OFF on input line 6105.
LaTeX Info: Redefining \ref on input line 6145.
LaTeX Info: Redefining \pageref on input line 6149.
 (/usr/local/texlive/2021/texmf-dist/tex/latex/base/atbegshi-ltx.sty
Package: atbegshi-ltx 2020/08/17 v1.0a Emulation of the original atbegshi package
with kernel methods
)
\Hy@abspage=\count271
\c@Item=\count272
\c@Hfootnote=\count273
)
Package hyperref Info: Driver (autodetected): hpdftex.
 (/usr/local/texlive/2021/texmf-dist/tex/latex/hyperref/hpdftex.def
File: hpdftex.def 2021-02-27 v7.00k Hyperref driver for pdfTeX
 (/usr/local/texlive/2021/texmf-dist/tex/latex/base/atveryend-ltx.sty
Package: atveryend-ltx 2020/08/19 v1.0a Emulation of the original atvery package
with kernel methods
)
\Fld@listcount=\count274
\c@bookmark@seq@number=\count275
 (/usr/local/texlive/2021/texmf-dist/tex/latex/rerunfilecheck/rerunfilecheck.sty
Package: rerunfilecheck 2019/12/05 v1.9 Rerun checks for auxiliary files (HO)
 (/usr/local/texlive/2021/texmf-dist/tex/generic/uniquecounter/uniquecounter.sty
Package: uniquecounter 2019/12/15 v1.4 Provide unlimited unique counter (HO)
)
Package uniquecounter Info: New unique counter `rerunfilecheck' on input line 286.
)
\Hy@SectionHShift=\skip59
) (/usr/local/texlive/2021/texmf-dist/tex/latex/wrapfig/wrapfig.sty
\wrapoverhang=\dimen169
\WF@size=\dimen170
\c@WF@wrappedlines=\count276
\WF@box=\box49
\WF@everypar=\toks19
Package: wrapfig 2003/01/31  v 3.6
) (/usr/local/texlive/2021/texmf-dist/tex/latex/tools/array.sty
Package: array 2020/10/01 v2.5c Tabular extension package (FMi)
\col@sep=\dimen171
\ar@mcellbox=\box50
\extrarowheight=\dimen172
\NC@list=\toks20
\extratabsurround=\skip60
\backup@length=\skip61
\ar@cellbox=\box51
) (/usr/local/texlive/2021/texmf-dist/tex/latex/multirow/multirow.sty
Package: multirow 2021/03/15 v2.8 Span multiple rows of a table
\multirow@colwidth=\skip62
\multirow@cntb=\count277
\multirow@dima=\skip63
\bigstrutjot=\dimen173
) (/usr/local/texlive/2021/texmf-dist/tex/latex/adjustbox/adjustbox.sty
Package: adjustbox 2020/08/19 v1.3 Adjusting TeX boxes (trim, clip, ...)
 (/usr/local/texlive/2021/texmf-dist/tex/latex/xkeyval/xkeyval.sty
Package: xkeyval 2020/11/20 v2.8 package option processing (HA)
 (/usr/local/texlive/2021/texmf-dist/tex/generic/xkeyval/xkeyval.tex (/usr/local/texlive/2021/texmf-dist/tex/generic/xkeyval/xkvutils.tex
\XKV@toks=\toks21
\XKV@tempa@toks=\toks22
)
\XKV@depth=\count278
File: xkeyval.tex 2014/12/03 v2.7a key=value parser (HA)
)) (/usr/local/texlive/2021/texmf-dist/tex/latex/adjustbox/adjcalc.sty
Package: adjcalc 2012/05/16 v1.1 Provides advanced setlength with multiple back-ends (calc, etex, pgfmath)
) (/usr/local/texlive/2021/texmf-dist/tex/latex/adjustbox/trimclip.sty
Package: trimclip 2020/08/19 v1.2 Trim and clip general TeX material
 (/usr/local/texlive/2021/texmf-dist/tex/latex/collectbox/collectbox.sty
Package: collectbox 2012/05/17 v0.4b Collect macro arguments as boxes
\collectedbox=\box52
)
\tc@llx=\dimen174
\tc@lly=\dimen175
\tc@urx=\dimen176
\tc@ury=\dimen177
Package trimclip Info: Using driver 'tc-pdftex.def'.
 (/usr/local/texlive/2021/texmf-dist/tex/latex/adjustbox/tc-pdftex.def
File: tc-pdftex.def 2019/01/04 v2.2 Clipping driver for pdftex
))
\adjbox@Width=\dimen178
\adjbox@Height=\dimen179
\adjbox@Depth=\dimen180
\adjbox@Totalheight=\dimen181
\adjbox@pwidth=\dimen182
\adjbox@pheight=\dimen183
\adjbox@pdepth=\dimen184
\adjbox@ptotalheight=\dimen185
 (/usr/local/texlive/2021/texmf-dist/tex/latex/ifoddpage/ifoddpage.sty
Package: ifoddpage 2016/04/23 v1.1 Conditionals for odd/even page detection
\c@checkoddpage=\count279
) (/usr/local/texlive/2021/texmf-dist/tex/latex/varwidth/varwidth.sty
Package: varwidth 2009/03/30 ver 0.92;  Variable-width minipages
\@vwid@box=\box53
\sift@deathcycles=\count280
\@vwid@loff=\dimen186
\@vwid@roff=\dimen187
)) (/usr/local/texlive/2021/texmf-dist/tex/latex/ncctools/nccmath.sty
Package: nccmath 2006/01/20 v1.3 Additional Math Commands (NCC)
 (/usr/local/texlive/2021/texmf-dist/tex/latex/amsmath/amsmath.sty
Package: amsmath 2020/09/23 v2.17i AMS math features
\@mathmargin=\skip64

For additional information on amsmath, use the `?' option.
(/usr/local/texlive/2021/texmf-dist/tex/latex/amsmath/amstext.sty
Package: amstext 2000/06/29 v2.01 AMS text
 (/usr/local/texlive/2021/texmf-dist/tex/latex/amsmath/amsgen.sty
File: amsgen.sty 1999/11/30 v2.0 generic functions
\@emptytoks=\toks23
\ex@=\dimen188
)) (/usr/local/texlive/2021/texmf-dist/tex/latex/amsmath/amsbsy.sty
Package: amsbsy 1999/11/29 v1.2d Bold Symbols
\pmbraise@=\dimen189
) (/usr/local/texlive/2021/texmf-dist/tex/latex/amsmath/amsopn.sty
Package: amsopn 2016/03/08 v2.02 operator names
)
\inf@bad=\count281
LaTeX Info: Redefining \frac on input line 234.
\uproot@=\count282
\leftroot@=\count283
LaTeX Info: Redefining \overline on input line 399.
\classnum@=\count284
\DOTSCASE@=\count285
LaTeX Info: Redefining \ldots on input line 496.
LaTeX Info: Redefining \dots on input line 499.
LaTeX Info: Redefining \cdots on input line 620.
\Mathstrutbox@=\box54
\strutbox@=\box55
\big@size=\dimen190
LaTeX Font Info:    Redeclaring font encoding OML on input line 743.
LaTeX Font Info:    Redeclaring font encoding OMS on input line 744.
\macc@depth=\count286
\c@MaxMatrixCols=\count287
\dotsspace@=\muskip17
\c@parentequation=\count288
\dspbrk@lvl=\count289
\tag@help=\toks24
\row@=\count290
\column@=\count291
\maxfields@=\count292
\andhelp@=\toks25
\eqnshift@=\dimen191
\alignsep@=\dimen192
\tagshift@=\dimen193
\tagwidth@=\dimen194
\totwidth@=\dimen195
\lineht@=\dimen196
\@envbody=\toks26
\multlinegap=\skip65
\multlinetaggap=\skip66
\mathdisplay@stack=\toks27
LaTeX Info: Redefining \[ on input line 2923.
LaTeX Info: Redefining \] on input line 2924.
)
\NCC@fracrulewidth=\dimen197
) (/usr/local/texlive/2021/texmf-dist/tex/latex/subfigure/subfigure.sty
Package: subfigure 2002/03/15 v2.1.5 subfigure package
\subfigtopskip=\skip67
\subfigcapskip=\skip68
\subfigcaptopadj=\dimen198
\subfigbottomskip=\skip69
\subfigcapmargin=\dimen199
\subfiglabelskip=\skip70
\c@subfigure=\count293
\c@lofdepth=\count294
\c@subtable=\count295
\c@lotdepth=\count296

****************************************
* Local config file subfigure.cfg used *
****************************************
(/usr/local/texlive/2021/texmf-dist/tex/latex/subfigure/subfigure.cfg)
\subfig@top=\skip71
\subfig@bottom=\skip72
) (/usr/local/texlive/2021/texmf-dist/tex/latex/amsfonts/amsfonts.sty
Package: amsfonts 2013/01/14 v3.01 Basic AMSFonts support
\symAMSa=\mathgroup4
\symAMSb=\mathgroup5
LaTeX Font Info:    Redeclaring math symbol \hbar on input line 98.
LaTeX Font Info:    Overwriting math alphabet `\mathfrak' in version `bold'
(Font)                  U/euf/m/n --> U/euf/b/n on input line 106.
) (/usr/local/texlive/2021/texmf-dist/tex/latex/base/latexsym.sty
Package: latexsym 1998/08/17 v2.2e Standard LaTeX package (lasy symbols)
\symlasy=\mathgroup6
LaTeX Font Info:    Overwriting symbol font `lasy' in version `bold'
(Font)                  U/lasy/m/n --> U/lasy/b/n on input line 52.
) (/usr/local/texlive/2021/texmf-dist/tex/latex/tools/enumerate.sty
Package: enumerate 2015/07/23 v3.00 enumerate extensions (DPC)
\@enLab=\toks28
) (/usr/local/texlive/2021/texmf-dist/tex/latex/booktabs/booktabs.sty
Package: booktabs 2020/01/12 v1.61803398 Publication quality tables
\heavyrulewidth=\dimen256
\lightrulewidth=\dimen257
\cmidrulewidth=\dimen258
\belowrulesep=\dimen259
\belowbottomsep=\dimen260
\aboverulesep=\dimen261
\abovetopsep=\dimen262
\cmidrulesep=\dimen263
\cmidrulekern=\dimen264
\defaultaddspace=\dimen265
\@cmidla=\count297
\@cmidlb=\count298
\@aboverulesep=\dimen266
\@belowrulesep=\dimen267
\@thisruleclass=\count299
\@lastruleclass=\count300
\@thisrulewidth=\dimen268
) (/usr/local/texlive/2021/texmf-dist/tex/latex/float/float.sty
Package: float 2001/11/08 v1.3d Float enhancements (AL)
\c@float@type=\count301
\float@exts=\toks29
\float@box=\box56
\@float@everytoks=\toks30
\@floatcapt=\box57
) (/usr/local/texlive/2021/texmf-dist/tex/latex/threeparttable/threeparttable.sty
Package: threeparttable 2003/06/13  v 3.0
\@tempboxb=\box58
) (/usr/local/texlive/2021/texmf-dist/tex/latex/colortbl/colortbl.sty
Package: colortbl 2020/01/04 v1.0e Color table columns (DPC)
\everycr=\toks31
\minrowclearance=\skip73
) (/usr/local/texlive/2021/texmf-dist/tex/generic/iftex/ifpdf.sty
Package: ifpdf 2019/10/25 v3.4 ifpdf legacy package. Use iftex instead.
) (/usr/local/texlive/2021/texmf-dist/tex/latex/graphics/rotating.sty
Package: rotating 2016/08/11 v2.16d rotated objects in LaTeX
 (/usr/local/texlive/2021/texmf-dist/tex/latex/base/ifthen.sty
Package: ifthen 2014/09/29 v1.1c Standard LaTeX ifthen package (DPC)
)
\c@r@tfl@t=\count302
\rotFPtop=\skip74
\rotFPbot=\skip75
\rot@float@box=\box59
\rot@mess@toks=\toks32
) (/usr/local/texlive/2021/texmf-dist/tex/latex/cite/cite.sty
LaTeX Info: Redefining \cite on input line 302.
LaTeX Info: Redefining \nocite on input line 332.
Package: cite 2015/02/27  v 5.5
) (/usr/local/texlive/2021/texmf-dist/tex/latex/sttools/stfloats.sty
Package: stfloats 2017/03/27 v3.3 Improve float mechanism and baselineskip settings
\@dblbotnum=\count303
\c@dblbotnumber=\count304
) (/usr/local/texlive/2021/texmf-dist/tex/latex/listings/listings.sty
\lst@mode=\count305
\lst@gtempboxa=\box60
\lst@token=\toks33
\lst@length=\count306
\lst@currlwidth=\dimen269
\lst@column=\count307
\lst@pos=\count308
\lst@lostspace=\dimen270
\lst@width=\dimen271
\lst@newlines=\count309
\lst@lineno=\count310
\lst@maxwidth=\dimen272
 (/usr/local/texlive/2021/texmf-dist/tex/latex/listings/lstmisc.sty
File: lstmisc.sty 2020/03/24 1.8d (Carsten Heinz)
\c@lstnumber=\count311
\lst@skipnumbers=\count312
\lst@framebox=\box61
) (/usr/local/texlive/2021/texmf-dist/tex/latex/listings/listings.cfg
File: listings.cfg 2020/03/24 1.8d listings configuration
))
Package: listings 2020/03/24 1.8d (Carsten Heinz)
 (/usr/local/texlive/2021/texmf-dist/tex/generic/soul/soul.sty
Package: soul 2003/11/17 v2.4 letterspacing/underlining (mf)
\SOUL@word=\toks34
\SOUL@lasttoken=\toks35
\SOUL@cmds=\toks36
\SOUL@buffer=\toks37
\SOUL@token=\toks38
\SOUL@spaceskip=\skip76
\SOUL@ttwidth=\dimen273
\SOUL@uldp=\dimen274
\SOUL@ulht=\dimen275
) (/usr/local/texlive/2021/texmf-dist/tex/latex/l3backend/l3backend-pdftex.def
File: l3backend-pdftex.def 2021-03-18 L3 backend support: PDF output (pdfTeX)
\l__color_backend_stack_int=\count313
\l__pdf_internal_box=\box62
) (/Users/matt/Documents/Github/latex-2nd-brain/Pianificazione Automatica e Sistemi di Supporto delle Decisioni/main.aux

LaTeX Warning: Label `tabprof' multiply defined.


LaTeX Warning: Label `conv' multiply defined.

)
\openout1 = `main.aux'.

LaTeX Font Info:    Checking defaults for OML/cmm/m/it on input line 106.
LaTeX Font Info:    ... okay on input line 106.
LaTeX Font Info:    Checking defaults for OMS/cmsy/m/n on input line 106.
LaTeX Font Info:    ... okay on input line 106.
LaTeX Font Info:    Checking defaults for OT1/cmr/m/n on input line 106.
LaTeX Font Info:    ... okay on input line 106.
LaTeX Font Info:    Checking defaults for T1/cmr/m/n on input line 106.
LaTeX Font Info:    ... okay on input line 106.
LaTeX Font Info:    Checking defaults for TS1/cmr/m/n on input line 106.
LaTeX Font Info:    ... okay on input line 106.
LaTeX Font Info:    Checking defaults for OMX/cmex/m/n on input line 106.
LaTeX Font Info:    ... okay on input line 106.
LaTeX Font Info:    Checking defaults for U/cmr/m/n on input line 106.
LaTeX Font Info:    ... okay on input line 106.
LaTeX Font Info:    Checking defaults for PD1/pdf/m/n on input line 106.
LaTeX Font Info:    ... okay on input line 106.
LaTeX Font Info:    Checking defaults for PU/pdf/m/n on input line 106.
LaTeX Font Info:    ... okay on input line 106.

-- Lines per column: 57 (exact).
(/usr/local/texlive/2021/texmf-dist/tex/context/base/mkii/supp-pdf.mkii
[Loading MPS to PDF converter (version 2006.09.02).]
\scratchcounter=\count314
\scratchdimen=\dimen276
\scratchbox=\box63
\nofMPsegments=\count315
\nofMParguments=\count316
\everyMPshowfont=\toks39
\MPscratchCnt=\count317
\MPscratchDim=\dimen277
\MPnumerator=\count318
\makeMPintoPDFobject=\count319
\everyMPtoPDFconversion=\toks40
) (/usr/local/texlive/2021/texmf-dist/tex/latex/epstopdf-pkg/epstopdf-base.sty
Package: epstopdf-base 2020-01-24 v2.11 Base part for package epstopdf
Package epstopdf-base Info: Redefining graphics rule for `.eps' on input line 485.
 (/usr/local/texlive/2021/texmf-dist/tex/latex/latexconfig/epstopdf-sys.cfg
File: epstopdf-sys.cfg 2010/07/13 v1.3 Configuration of (r)epstopdf for TeX Live
))
LaTeX Info: Redefining \it@ocap on input line 106.
LaTeX Info: Redefining \it@ccap on input line 106.


File italian.ldf warning: 
italian.ldf    With OT1 encoding guillemets are poorly faked
italian.ldf    Use T1 encoding
italian.ldf    or specify a font with command \CaporaliFrom
italian.ldf    See the documentation concerning the babel-italian typesetting 
italian.ldf    on input line 106.

Package hyperref Info: Link coloring OFF on input line 106.
(/usr/local/texlive/2021/texmf-dist/tex/latex/hyperref/nameref.sty
Package: nameref 2021-04-02 v2.47 Cross-referencing by name of section
 (/usr/local/texlive/2021/texmf-dist/tex/latex/refcount/refcount.sty
Package: refcount 2019/12/15 v3.6 Data extraction from label references (HO)
) (/usr/local/texlive/2021/texmf-dist/tex/generic/gettitlestring/gettitlestring.sty
Package: gettitlestring 2019/12/15 v1.6 Cleanup title references (HO)
)
\c@section@level=\count320
)
LaTeX Info: Redefining \ref on input line 106.
LaTeX Info: Redefining \pageref on input line 106.
LaTeX Info: Redefining \nameref on input line 106.
 (/Users/matt/Documents/Github/latex-2nd-brain/Pianificazione Automatica e Sistemi di Supporto delle Decisioni/main.out) (/Users/matt/Documents/Github/latex-2nd-brain/Pianificazione Automatica e Sistemi di Supporto delle Decisioni/main.out)
\@outlinefile=\write3
\openout3 = `main.out'.

\c@lstlisting=\count321
 (/Users/matt/Documents/Github/latex-2nd-brain/Pianificazione Automatica e Sistemi di Supporto delle Decisioni/main.toc
LaTeX Font Info:    Trying to load font information for U+msa on input line 4.
 (/usr/local/texlive/2021/texmf-dist/tex/latex/amsfonts/umsa.fd
File: umsa.fd 2013/01/14 v3.01 AMS symbols A
)
LaTeX Font Info:    Trying to load font information for U+msb on input line 4.
 (/usr/local/texlive/2021/texmf-dist/tex/latex/amsfonts/umsb.fd
File: umsb.fd 2013/01/14 v3.01 AMS symbols B
)
LaTeX Font Info:    Trying to load font information for U+lasy on input line 4.
 (/usr/local/texlive/2021/texmf-dist/tex/latex/base/ulasy.fd
File: ulasy.fd 1998/08/17 v2.2e LaTeX symbol font definitions
))
\tf@toc=\write4
\openout4 = `main.toc'.

 (/Users/matt/Documents/Github/latex-2nd-brain/Pianificazione Automatica e Sistemi di Supporto delle Decisioni/sections/1_definizioni/1_definizioni.tex
<./img//logoUnisalento.jpg, id=390, 565.11125pt x 197.73875pt>
File: ./img//logoUnisalento.jpg Graphic file (type jpg)
<use ./img//logoUnisalento.jpg>
Package pdftex.def Info: ./img//logoUnisalento.jpg  used on input line 1.
(pdftex.def)             Requested size: 85.35826pt x 29.86772pt.
 [1{/usr/local/texlive/2021/texmf-var/fonts/map/pdftex/updmap/pdftex.map}


 </Users/matt/Documents/Github/latex-2nd-brain/Pianificazione Automatica e Sistemi di Supporto delle Decisioni/./img//logoUnisalento.jpg>]
Underfull \hbox (badness 1824) in paragraph at lines 18--19
[][]\OT1/ptm/m/n/10 de[]-[]scrip[]-[]ti[]-[]ve[] [][][]ana[]-[]ly[]-[]tics: ca-pi-re \OT1/ptm/b/n/10 co-sa sia suc-ces-so nel
 []

<./img//businessAnalytics.jpeg, id=405, 459.7175pt x 343.2825pt>
File: ./img//businessAnalytics.jpeg Graphic file (type jpg)
<use ./img//businessAnalytics.jpeg>
Package pdftex.def Info: ./img//businessAnalytics.jpeg  used on input line 25.
(pdftex.def)             Requested size: 229.85818pt x 171.64082pt.

Underfull \hbox (badness 4353) in paragraph at lines 55--56
[]\OT1/ptm/b/n/10 decisioni stra-te-gi-che\OT1/ptm/m/n/10 : di \OT1/ptm/b/n/10 lun-go pe-rio-do non
 []

<./img//dectax.jpeg, id=406, 642.4pt x 464.73625pt>
File: ./img//dectax.jpeg Graphic file (type jpg)
<use ./img//dectax.jpeg>
Package pdftex.def Info: ./img//dectax.jpeg  used on input line 65.
(pdftex.def)             Requested size: 192.72148pt x 139.42194pt.
File: ./img//logoUnisalento.jpg Graphic file (type jpg)
<use ./img//logoUnisalento.jpg>
Package pdftex.def Info: ./img//logoUnisalento.jpg  used on input line 107.
(pdftex.def)             Requested size: 85.35826pt x 29.86772pt.
[2pdfTeX warning (ext4): destination with the same identifier (name{figure.1}) has been already used, duplicate ignored
<argument> ...shipout:D \box_use:N \l_shipout_box 
                                                  
l.107 P
       ossiamo classificarli come:pdfTeX warning (ext4): destination with the same identifier (name{figure.2}) has been already used, duplicate ignored
<argument> ...shipout:D \box_use:N \l_shipout_box 
                                                  
l.107 P
       ossiamo classificarli come: </Users/matt/Documents/Github/latex-2nd-brain/Pianificazione Automatica e Sistemi di Supporto delle Decisioni/./img//businessAnalytics.jpeg> </Users/matt/Documents/Github/latex-2nd-brain/Pianificazione Automatica e Sistemi di Supporto delle Decisioni/./img//dectax.jpeg>]
<./img//agents.jpeg, id=418, 612.2875pt x 303.1325pt>
File: ./img//agents.jpeg Graphic file (type jpg)
<use ./img//agents.jpeg>
Package pdftex.def Info: ./img//agents.jpeg  used on input line 118.
(pdftex.def)             Requested size: 183.68767pt x 90.94044pt.
) (/Users/matt/Documents/Github/latex-2nd-brain/Pianificazione Automatica e Sistemi di Supporto delle Decisioni/sections/2_softwareSolution/2_softwareSolution.tex
File: ./img//logoUnisalento.jpg Graphic file (type jpg)
<use ./img//logoUnisalento.jpg>
Package pdftex.def Info: ./img//logoUnisalento.jpg  used on input line 1.
(pdftex.def)             Requested size: 85.35826pt x 29.86772pt.
 [3pdfTeX warning (ext4): destination with the same identifier (name{figure.3}) has been already used, duplicate ignored
<argument> ...shipout:D \box_use:N \l_shipout_box 
                                                  
l.1 \newpage
             </Users/matt/Documents/Github/latex-2nd-brain/Pianificazione Automatica e Sistemi di Supporto delle Decisioni/./img//agents.jpeg>]
<./img//descapp.jpeg, id=430, 642.4pt x 480.79625pt>
File: ./img//descapp.jpeg Graphic file (type jpg)
<use ./img//descapp.jpeg>
Package pdftex.def Info: ./img//descapp.jpeg  used on input line 30.
(pdftex.def)             Requested size: 256.95544pt x 192.31508pt.

Overfull \hbox (4.95544pt too wide) in paragraph at lines 30--31
 [][] 
 []

) (/Users/matt/Documents/Github/latex-2nd-brain/Pianificazione Automatica e Sistemi di Supporto delle Decisioni/sections/3_ottimizzazione/3_ottimizzazione.tex
File: ./img//logoUnisalento.jpg Graphic file (type jpg)
<use ./img//logoUnisalento.jpg>
Package pdftex.def Info: ./img//logoUnisalento.jpg  used on input line 1.
(pdftex.def)             Requested size: 85.35826pt x 29.86772pt.
 [4pdfTeX warning (ext4): destination with the same identifier (name{figure.4}) has been already used, duplicate ignored
<argument> ...shipout:D \box_use:N \l_shipout_box 
                                                  
l.1 \newpage
             </Users/matt/Documents/Github/latex-2nd-brain/Pianificazione Automatica e Sistemi di Supporto delle Decisioni/./img//descapp.jpeg>]
<./img//st12.jpeg, id=443, 642.4pt x 98.3675pt>
File: ./img//st12.jpeg Graphic file (type jpg)
<use ./img//st12.jpeg>
Package pdftex.def Info: ./img//st12.jpeg  used on input line 39.
(pdftex.def)             Requested size: 192.72148pt x 29.51047pt.
LaTeX Font Info:    Trying to load font information for TS1+ptm on input line 72.
 (/usr/local/texlive/2021/texmf-dist/tex/latex/psnfss/ts1ptm.fd
File: ts1ptm.fd 2001/06/04 font definitions for TS1/ptm.
)

LaTeX Font Warning: Font shape `TS1/ptm/m/sc' undefined
(Font)              using `TS1/ptm/m/n' instead
(Font)              for symbol `texteuro' on input line 84.


LaTeX Warning: `!h' float specifier changed to `!ht'.


LaTeX Warning: `!h' float specifier changed to `!ht'.

File: ./img//logoUnisalento.jpg Graphic file (type jpg)
<use ./img//logoUnisalento.jpg>
Package pdftex.def Info: ./img//logoUnisalento.jpg  used on input line 161.
(pdftex.def)             Requested size: 85.35826pt x 29.86772pt.
[5pdfTeX warning (ext4): destination with the same identifier (name{figure.5}) has been already used, duplicate ignored
<argument> ...shipout:D \box_use:N \l_shipout_box 
                                                  
l.161 	\item p
              resa $x_B \leq 120$: (0, 120)pdfTeX warning (ext4): destination with the same identifier (name{table.1}) has been already used, duplicate ignored
<argument> ...shipout:D \box_use:N \l_shipout_box 
                                                  
l.161 	\item p
              resa $x_B \leq 120$: (0, 120)pdfTeX warning (ext4): destination with the same identifier (name{table.2}) has been already used, duplicate ignored
<argument> ...shipout:D \box_use:N \l_shipout_box 
                                                  
l.161 	\item p
              resa $x_B \leq 120$: (0, 120)pdfTeX warning (ext4): destination with the same identifier (name{table.3}) has been already used, duplicate ignored
<argument> ...shipout:D \box_use:N \l_shipout_box 
                                                  
l.161 	\item p
              resa $x_B \leq 120$: (0, 120) </Users/matt/Documents/Github/latex-2nd-brain/Pianificazione Automatica e Sistemi di Supporto delle Decisioni/./img//st12.jpeg>]
<./img//es.jpeg, id=462, 321.2pt x 320.19624pt>
File: ./img//es.jpeg Graphic file (type jpg)
<use ./img//es.jpeg>
Package pdftex.def Info: ./img//es.jpeg  used on input line 230.
(pdftex.def)             Requested size: 160.59961pt x 160.09772pt.
LaTeX Font Info:    Trying to load font information for OT1+pcr on input line 240.
 (/usr/local/texlive/2021/texmf-dist/tex/latex/psnfss/ot1pcr.fd
File: ot1pcr.fd 2001/06/04 font definitions for OT1/pcr.
)
<./img//es1.jpeg, id=463, 320.19624pt x 321.2pt>
File: ./img//es1.jpeg Graphic file (type jpg)
<use ./img//es1.jpeg>
Package pdftex.def Info: ./img//es1.jpeg  used on input line 282.
(pdftex.def)             Requested size: 160.09772pt x 160.59961pt.

Underfull \vbox (badness 7308) has occurred while \output is active []

File: ./img//logoUnisalento.jpg Graphic file (type jpg)
<use ./img//logoUnisalento.jpg>
Package pdftex.def Info: ./img//logoUnisalento.jpg  used on input line 286.
(pdftex.def)             Requested size: 85.35826pt x 29.86772pt.
 [6pdfTeX warning (ext4): destination with the same identifier (name{figure.6}) has been already used, duplicate ignored
<argument> ...shipout:D \box_use:N \l_shipout_box 
                                                  
l.286 		
         </Users/matt/Documents/Github/latex-2nd-brain/Pianificazione Automatica e Sistemi di Supporto delle Decisioni/./img//es.jpeg>]
<./img//es2.jpeg, id=498, 321.2pt x 318.18875pt>
File: ./img//es2.jpeg Graphic file (type jpg)
<use ./img//es2.jpeg>
Package pdftex.def Info: ./img//es2.jpeg  used on input line 320.
(pdftex.def)             Requested size: 160.59961pt x 159.09398pt.
<./img//es3.jpeg, id=499, 321.2pt x 318.18875pt>
File: ./img//es3.jpeg Graphic file (type jpg)
<use ./img//es3.jpeg>
Package pdftex.def Info: ./img//es3.jpeg  used on input line 349.
(pdftex.def)             Requested size: 160.59961pt x 159.09398pt.
<./img//es4.jpeg, id=500, 320.19624pt x 321.2pt>
File: ./img//es4.jpeg Graphic file (type jpg)
<use ./img//es4.jpeg>
Package pdftex.def Info: ./img//es4.jpeg  used on input line 375.
(pdftex.def)             Requested size: 160.09772pt x 160.59961pt.

Underfull \vbox (badness 10000) has occurred while \output is active []

File: ./img//logoUnisalento.jpg Graphic file (type jpg)
<use ./img//logoUnisalento.jpg>
Package pdftex.def Info: ./img//logoUnisalento.jpg  used on input line 379.
(pdftex.def)             Requested size: 85.35826pt x 29.86772pt.
 [7pdfTeX warning (ext4): destination with the same identifier (name{figure.7}) has been already used, duplicate ignored
<argument> ...shipout:D \box_use:N \l_shipout_box 
                                                  
l.379 
      pdfTeX warning (ext4): destination with the same identifier (name{figure.8}) has been already used, duplicate ignored
<argument> ...shipout:D \box_use:N \l_shipout_box 
                                                  
l.379 
      pdfTeX warning (ext4): destination with the same identifier (name{figure.9}) has been already used, duplicate ignored
<argument> ...shipout:D \box_use:N \l_shipout_box 
                                                  
l.379 
       </Users/matt/Documents/Github/latex-2nd-brain/Pianificazione Automatica e Sistemi di Supporto delle Decisioni/./img//es1.jpeg> </Users/matt/Documents/Github/latex-2nd-brain/Pianificazione Automatica e Sistemi di Supporto delle Decisioni/./img//es2.jpeg> </Users/matt/Documents/Github/latex-2nd-brain/Pianificazione Automatica e Sistemi di Supporto delle Decisioni/./img//es3.jpeg>]) (/Users/matt/Documents/Github/latex-2nd-brain/Pianificazione Automatica e Sistemi di Supporto delle Decisioni/sections/4_formulazioniProgLineare/4_formulazioniProgLineare.tex
File: ./img//logoUnisalento.jpg Graphic file (type jpg)
<use ./img//logoUnisalento.jpg>
Package pdftex.def Info: ./img//logoUnisalento.jpg  used on input line 74.
(pdftex.def)             Requested size: 85.35826pt x 29.86772pt.
 [8pdfTeX warning (ext4): destination with the same identifier (name{figure.10}) has been already used, duplicate ignored
<argument> ...shipout:D \box_use:N \l_shipout_box 
                                                  
l.74 		$
        $\sum_{j=i}^n a_{ij} x_j \leq b_i$$ </Users/matt/Documents/Github/latex-2nd-brain/Pianificazione Automatica e Sistemi di Supporto delle Decisioni/./img//es4.jpeg>]
Underfull \hbox (badness 4752) in paragraph at lines 145--146
[]\OT1/ptm/m/n/10 quindi nel-la for-mu-la-zio-ne stan-dard avre-mo $\OML/cmm/m/it/10 j \OT1/cmr/m/n/10 =
 []

) (/Users/matt/Documents/Github/latex-2nd-brain/Pianificazione Automatica e Sistemi di Supporto delle Decisioni/sections/5_optimizationModelsReview/5_optimizationModelsReview.tex
File: ./img//logoUnisalento.jpg Graphic file (type jpg)
<use ./img//logoUnisalento.jpg>
Package pdftex.def Info: ./img//logoUnisalento.jpg  used on input line 1.
(pdftex.def)             Requested size: 85.35826pt x 29.86772pt.
 [9]
<./img//aon.jpeg, id=531, 642.4pt x 241.90375pt>
File: ./img//aon.jpeg Graphic file (type jpg)
<use ./img//aon.jpeg>
Package pdftex.def Info: ./img//aon.jpeg  used on input line 65.
(pdftex.def)             Requested size: 256.95544pt x 96.75978pt.

Overfull \hbox (4.95544pt too wide) in paragraph at lines 65--66
 [][] 
 []

File: ./img//logoUnisalento.jpg Graphic file (type jpg)
<use ./img//logoUnisalento.jpg>
Package pdftex.def Info: ./img//logoUnisalento.jpg  used on input line 156.
(pdftex.def)             Requested size: 85.35826pt x 29.86772pt.
[10pdfTeX warning (ext4): destination with the same identifier (name{table.4}) has been already used, duplicate ignored
<argument> ...shipout:D \box_use:N \l_shipout_box 
                                                  
l.156 			\item $
                s_1 + 10 \leq s_3 (p_{13} = 1)$pdfTeX warning (ext4): destination with the same identifier (name{figure.11}) has been already used, duplicate ignored
<argument> ...shipout:D \box_use:N \l_shipout_box 
                                                  
l.156 			\item $
                s_1 + 10 \leq s_3 (p_{13} = 1)$ </Users/matt/Documents/Github/latex-2nd-brain/Pianificazione Automatica e Sistemi di Supporto delle Decisioni/./img//aon.jpeg>]
<./img//budget.jpeg, id=540, 642.4pt x 318.18875pt>
File: ./img//budget.jpeg Graphic file (type jpg)
<use ./img//budget.jpeg>
Package pdftex.def Info: ./img//budget.jpeg  used on input line 189.
(pdftex.def)             Requested size: 256.95544pt x 127.27324pt.

Overfull \hbox (4.95544pt too wide) in paragraph at lines 189--190
 [][] 
 []

<./img//prodline.jpeg, id=541, 642.4pt x 207.77625pt>
File: ./img//prodline.jpeg Graphic file (type jpg)
<use ./img//prodline.jpeg>
Package pdftex.def Info: ./img//prodline.jpeg  used on input line 235.
(pdftex.def)             Requested size: 192.72148pt x 62.33334pt.
<./img//invlev.jpeg, id=542, 642.4pt x 328.22626pt>
File: ./img//invlev.jpeg Graphic file (type jpg)
<use ./img//invlev.jpeg>
Package pdftex.def Info: ./img//invlev.jpeg  used on input line 250.
(pdftex.def)             Requested size: 192.72148pt x 98.46863pt.
File: ./img//logoUnisalento.jpg Graphic file (type jpg)
<use ./img//logoUnisalento.jpg>
Package pdftex.def Info: ./img//logoUnisalento.jpg  used on input line 279.
(pdftex.def)             Requested size: 85.35826pt x 29.86772pt.
[11pdfTeX warning (ext4): destination with the same identifier (name{figure.12}) has been already used, duplicate ignored
<argument> ...shipout:D \box_use:N \l_shipout_box 
                                                  
l.279 		A
         vremo quindi:pdfTeX warning (ext4): destination with the same identifier (name{figure.13}) has been already used, duplicate ignored
<argument> ...shipout:D \box_use:N \l_shipout_box 
                                                  
l.279 		A
         vremo quindi:pdfTeX warning (ext4): destination with the same identifier (name{figure.14}) has been already used, duplicate ignored
<argument> ...shipout:D \box_use:N \l_shipout_box 
                                                  
l.279 		A
         vremo quindi: </Users/matt/Documents/Github/latex-2nd-brain/Pianificazione Automatica e Sistemi di Supporto delle Decisioni/./img//budget.jpeg> </Users/matt/Documents/Github/latex-2nd-brain/Pianificazione Automatica e Sistemi di Supporto delle Decisioni/./img//prodline.jpeg> </Users/matt/Documents/Github/latex-2nd-brain/Pianificazione Automatica e Sistemi di Supporto delle Decisioni/./img//invlev.jpeg>]
<./img//casipart.jpeg, id=555, 642.4pt x 549.05125pt>
File: ./img//casipart.jpeg Graphic file (type jpg)
<use ./img//casipart.jpeg>
Package pdftex.def Info: ./img//casipart.jpeg  used on input line 291.
(pdftex.def)             Requested size: 192.72148pt x 164.71664pt.
<./img//lottoec.jpeg, id=556, 642.4pt x 398.48875pt>
File: ./img//lottoec.jpeg Graphic file (type jpg)
<use ./img//lottoec.jpeg>
Package pdftex.def Info: ./img//lottoec.jpeg  used on input line 324.
(pdftex.def)             Requested size: 192.72148pt x 119.54755pt.
<./img//linlivnonlin.jpeg, id=557, 642.4pt x 386.44376pt>
File: ./img//linlivnonlin.jpeg Graphic file (type jpg)
<use ./img//linlivnonlin.jpeg>
Package pdftex.def Info: ./img//linlivnonlin.jpeg  used on input line 373.
(pdftex.def)             Requested size: 256.95544pt x 154.57475pt.

Overfull \hbox (4.95544pt too wide) in paragraph at lines 373--374
 [][] 
 []

File: ./img//logoUnisalento.jpg Graphic file (type jpg)
<use ./img//logoUnisalento.jpg>
Package pdftex.def Info: ./img//logoUnisalento.jpg  used on input line 380.
(pdftex.def)             Requested size: 85.35826pt x 29.86772pt.
[12pdfTeX warning (ext4): destination with the same identifier (name{figure.15}) has been already used, duplicate ignored
<argument> ...shipout:D \box_use:N \l_shipout_box 
                                                  
l.380 
      pdfTeX warning (ext4): destination with the same identifier (name{figure.16}) has been already used, duplicate ignored
<argument> ...shipout:D \box_use:N \l_shipout_box 
                                                  
l.380 
      pdfTeX warning (ext4): destination with the same identifier (name{figure.17}) has been already used, duplicate ignored
<argument> ...shipout:D \box_use:N \l_shipout_box 
                                                  
l.380 
       </Users/matt/Documents/Github/latex-2nd-brain/Pianificazione Automatica e Sistemi di Supporto delle Decisioni/./img//casipart.jpeg> </Users/matt/Documents/Github/latex-2nd-brain/Pianificazione Automatica e Sistemi di Supporto delle Decisioni/./img//lottoec.jpeg> </Users/matt/Documents/Github/latex-2nd-brain/Pianificazione Automatica e Sistemi di Supporto delle Decisioni/./img//linlivnonlin.jpeg>]
File: ./img//logoUnisalento.jpg Graphic file (type jpg)
<use ./img//logoUnisalento.jpg>
Package pdftex.def Info: ./img//logoUnisalento.jpg  used on input line 584.
(pdftex.def)             Requested size: 85.35826pt x 29.86772pt.
 [13]
<./img//inssol.jpeg, id=582, 642.4pt x 227.85126pt>
File: ./img//inssol.jpeg Graphic file (type jpg)
<use ./img//inssol.jpeg>
Package pdftex.def Info: ./img//inssol.jpeg  used on input line 607.
(pdftex.def)             Requested size: 256.95544pt x 91.13889pt.

Overfull \hbox (4.95544pt too wide) in paragraph at lines 607--608
 [][] 
 []

File: ./img//logoUnisalento.jpg Graphic file (type jpg)
<use ./img//logoUnisalento.jpg>
Package pdftex.def Info: ./img//logoUnisalento.jpg  used on input line 752.
(pdftex.def)             Requested size: 85.35826pt x 29.86772pt.
[14pdfTeX warning (ext4): destination with the same identifier (name{figure.18}) has been already used, duplicate ignored
<argument> ...shipout:D \box_use:N \l_shipout_box 
                                                  
l.752 $
       $\underline{x} = (0, 6.6, 0, -1.6)$$ </Users/matt/Documents/Github/latex-2nd-brain/Pianificazione Automatica e Sistemi di Supporto delle Decisioni/./img//inssol.jpeg>]
<./img//2sol.jpeg, id=590, 642.4pt x 385.44pt>
File: ./img//2sol.jpeg Graphic file (type jpg)
<use ./img//2sol.jpeg>
Package pdftex.def Info: ./img//2sol.jpeg  used on input line 825.
(pdftex.def)             Requested size: 128.47772pt x 77.08662pt.
File: ./img//logoUnisalento.jpg Graphic file (type jpg)
<use ./img//logoUnisalento.jpg>
Package pdftex.def Info: ./img//logoUnisalento.jpg  used on input line 862.
(pdftex.def)             Requested size: 85.35826pt x 29.86772pt.
 [15pdfTeX warning (ext4): destination with the same identifier (name{figure.19}) has been already used, duplicate ignored
<argument> ...shipout:D \box_use:N \l_shipout_box 
                                                  
l.862 	\item a
              vremo: </Users/matt/Documents/Github/latex-2nd-brain/Pianificazione Automatica e Sistemi di Supporto delle Decisioni/./img//2sol.jpeg>]
<./img//bi.jpeg, id=596, 642.4pt x 445.665pt>
File: ./img//bi.jpeg Graphic file (type jpg)
<use ./img//bi.jpeg>
Package pdftex.def Info: ./img//bi.jpeg  used on input line 884.
(pdftex.def)             Requested size: 256.95544pt x 178.26283pt.

Overfull \hbox (4.95544pt too wide) in paragraph at lines 884--885
 [][] 
 []


Underfull \hbox (badness 10000) in paragraph at lines 899--900

 []


Underfull \hbox (badness 10000) in paragraph at lines 907--908

 []

<./img//disc.jpeg, id=597, 642.4pt x 390.45876pt>
File: ./img//disc.jpeg Graphic file (type jpg)
<use ./img//disc.jpeg>
Package pdftex.def Info: ./img//disc.jpeg  used on input line 925.
(pdftex.def)             Requested size: 256.95544pt x 156.18073pt.

Overfull \hbox (4.95544pt too wide) in paragraph at lines 925--926
 [][] 
 []


Underfull \hbox (badness 10000) in paragraph at lines 951--952
[]\OT1/ptm/m/n/10 trovo []arg[]-[]min[] [][][]per[] [][][]"r"[] [][][]del[] [][][]Pi[]-[]vot: $\OML/cmm/m/it/10 x[] \OT1/cmr/m/n/10 =
 []

File: ./img//logoUnisalento.jpg Graphic file (type jpg)
<use ./img//logoUnisalento.jpg>
Package pdftex.def Info: ./img//logoUnisalento.jpg  used on input line 969.
(pdftex.def)             Requested size: 85.35826pt x 29.86772pt.
[16pdfTeX warning (ext4): destination with the same identifier (name{figure.20}) has been already used, duplicate ignored
<argument> ...shipout:D \box_use:N \l_shipout_box 
                                                  
l.969 	\item $
              2x_1 + x_2 \leq 10$pdfTeX warning (ext4): destination with the same identifier (name{figure.21}) has been already used, duplicate ignored
<argument> ...shipout:D \box_use:N \l_shipout_box 
                                                  
l.969 	\item $
              2x_1 + x_2 \leq 10$ </Users/matt/Documents/Github/latex-2nd-brain/Pianificazione Automatica e Sistemi di Supporto delle Decisioni/./img//bi.jpeg> </Users/matt/Documents/Github/latex-2nd-brain/Pianificazione Automatica e Sistemi di Supporto delle Decisioni/./img//disc.jpeg>]
<./img//grafescan.jpeg, id=606, 642.4pt x 385.44pt>
File: ./img//grafescan.jpeg Graphic file (type jpg)
<use ./img//grafescan.jpeg>
Package pdftex.def Info: ./img//grafescan.jpeg  used on input line 987.
(pdftex.def)             Requested size: 256.95544pt x 154.17326pt.

Overfull \hbox (4.95544pt too wide) in paragraph at lines 987--988
 [][] 
 []

File: ./img//logoUnisalento.jpg Graphic file (type jpg)
<use ./img//logoUnisalento.jpg>
Package pdftex.def Info: ./img//logoUnisalento.jpg  used on input line 1120.
(pdftex.def)             Requested size: 85.35826pt x 29.86772pt.
[17pdfTeX warning (ext4): destination with the same identifier (name{figure.22}) has been already used, duplicate ignored
<argument> ...shipout:D \box_use:N \l_shipout_box 
                                                  
l.1120 \subsection
                  {Soluzioni ottime multiple} </Users/matt/Documents/Github/latex-2nd-brain/Pianificazione Automatica e Sistemi di Supporto delle Decisioni/./img//grafescan.jpeg>]
<./img//grafsolmult.jpeg, id=612, 642.4pt x 422.57875pt>
File: ./img//grafsolmult.jpeg Graphic file (type jpg)
<use ./img//grafsolmult.jpeg>
Package pdftex.def Info: ./img//grafsolmult.jpeg  used on input line 1166.
(pdftex.def)             Requested size: 256.95544pt x 169.0285pt.

Overfull \hbox (4.95544pt too wide) in paragraph at lines 1166--1167
 [][] 
 []

File: ./img//logoUnisalento.jpg Graphic file (type jpg)
<use ./img//logoUnisalento.jpg>
Package pdftex.def Info: ./img//logoUnisalento.jpg  used on input line 1255.
(pdftex.def)             Requested size: 85.35826pt x 29.86772pt.
[18pdfTeX warning (ext4): destination with the same identifier (name{figure.23}) has been already used, duplicate ignored
<argument> ...shipout:D \box_use:N \l_shipout_box 
                                                  
l.1255 	\item \hl
                 {$\min = 0$}: uno dei numeratori  nullo </Users/matt/Documents/Github/latex-2nd-brain/Pianificazione Automatica e Sistemi di Supporto delle Decisioni/./img//grafsolmult.jpeg>]
<./img//notconv.jpeg, id=618, 642.4pt x 483.8075pt>
File: ./img//notconv.jpeg Graphic file (type jpg)
<use ./img//notconv.jpeg>
Package pdftex.def Info: ./img//notconv.jpeg  used on input line 1265.
(pdftex.def)             Requested size: 192.72148pt x 145.14337pt.
<./img//conv.jpeg, id=619, 642.4pt x 547.04375pt>
File: ./img//conv.jpeg Graphic file (type jpg)
<use ./img//conv.jpeg>
Package pdftex.def Info: ./img//conv.jpeg  used on input line 1276.
(pdftex.def)             Requested size: 192.72148pt x 164.11438pt.
<./img//esdegen.jpeg, id=620, 642.4pt x 378.41376pt>
File: ./img//esdegen.jpeg Graphic file (type jpg)
<use ./img//esdegen.jpeg>
Package pdftex.def Info: ./img//esdegen.jpeg  used on input line 1301.
(pdftex.def)             Requested size: 192.72148pt x 113.525pt.

Underfull \hbox (badness 4647) in paragraph at lines 1370--1371
[]\OT1/ptm/m/n/10 Iniziamo ag-giun-gen-do []ad[] [][][]ogni[] [][][]vi[]-[]co[]-[]lo una va-ria-bi-le
 []

File: ./img//logoUnisalento.jpg Graphic file (type jpg)
<use ./img//logoUnisalento.jpg>
Package pdftex.def Info: ./img//logoUnisalento.jpg  used on input line 1371.
(pdftex.def)             Requested size: 85.35826pt x 29.86772pt.
[19pdfTeX warning (ext4): destination with the same identifier (name{figure.24}) has been already used, duplicate ignored
<argument> ...shipout:D \box_use:N \l_shipout_box 
                                                  
l.1371 ... = b_i\ \ \ \forall\ \ \ i = 1, ..., m$$
                                                  pdfTeX warning (ext4): destination with the same identifier (name{figure.25}) has been already used, duplicate ignored
<argument> ...shipout:D \box_use:N \l_shipout_box 
                                                  
l.1371 ... = b_i\ \ \ \forall\ \ \ i = 1, ..., m$$
                                                  pdfTeX warning (ext4): destination with the same identifier (name{figure.26}) has been already used, duplicate ignored
<argument> ...shipout:D \box_use:N \l_shipout_box 
                                                  
l.1371 ... = b_i\ \ \ \forall\ \ \ i = 1, ..., m$$
                                                   </Users/matt/Documents/Github/latex-2nd-brain/Pianificazione Automatica e Sistemi di Supporto delle Decisioni/./img//notconv.jpeg> </Users/matt/Documents/Github/latex-2nd-brain/Pianificazione Automatica e Sistemi di Supporto delle Decisioni/./img//conv.jpeg> </Users/matt/Documents/Github/latex-2nd-brain/Pianificazione Automatica e Sistemi di Supporto delle Decisioni/./img//esdegen.jpeg>]
Overfull \hbox (32.51796pt too wide) detected at line 1460
[]\OT1/cmr/m/n/10 (\OML/cmm/m/it/10 a[] \OMS/cmsy/m/n/10 ^^@ \OML/cmm/m/it/10 a[]\OT1/cmr/m/n/10 )\OML/cmm/m/it/10 x[] \OMS/cmsy/m/n/10 ^^@ \OML/cmm/m/it/10 x[] \OT1/cmr/m/n/10 + \OML/cmm/m/it/10 x[] \OT1/cmr/m/n/10 = \OML/cmm/m/it/10 b[] \OMS/cmsy/m/n/10 ^^@ \OML/cmm/m/it/10 b[]   \OMS/cmsy/m/n/10 8   \OML/cmm/m/it/10 i \OT1/cmr/m/n/10 = \OML/cmm/m/it/10 m[] \OT1/cmr/m/n/10 + 1\OML/cmm/m/it/10 ; :::; m[];  i \OMS/cmsy/m/n/10 6\OT1/cmr/m/n/10 = \OML/cmm/m/it/10 h
 []

File: ./img//logoUnisalento.jpg Graphic file (type jpg)
<use ./img//logoUnisalento.jpg>
Package pdftex.def Info: ./img//logoUnisalento.jpg  used on input line 1505.
(pdftex.def)             Requested size: 85.35826pt x 29.86772pt.
[20]
File: ./img//logoUnisalento.jpg Graphic file (type jpg)
<use ./img//logoUnisalento.jpg>
Package pdftex.def Info: ./img//logoUnisalento.jpg  used on input line 1658.
(pdftex.def)             Requested size: 85.35826pt x 29.86772pt.
 [21]) (/Users/matt/Documents/Github/latex-2nd-brain/Pianificazione Automatica e Sistemi di Supporto delle Decisioni/sections/6_branchAndBound/6_branchAndBound.tex

LaTeX Warning: Command \textendash invalid in math mode on input line 21.


LaTeX Warning: Command \textendash invalid in math mode on input line 21.

<./img//rpp.jpeg, id=642, 425.59pt x 319.1925pt>
File: ./img//rpp.jpeg Graphic file (type jpg)
<use ./img//rpp.jpeg>
Package pdftex.def Info: ./img//rpp.jpeg  used on input line 46.
(pdftex.def)             Requested size: 85.11649pt x 63.83736pt.
<./img//cas1.jpeg, id=643, 604.2575pt x 385.44pt>
File: ./img//cas1.jpeg Graphic file (type jpg)
<use ./img//cas1.jpeg>
Package pdftex.def Info: ./img//cas1.jpeg  used on input line 55.
(pdftex.def)             Requested size: 120.84935pt x 77.08662pt.
<./img//cas2.jpeg, id=644, 642.4pt x 320.19624pt>
File: ./img//cas2.jpeg Graphic file (type jpg)
<use ./img//cas2.jpeg>
Package pdftex.def Info: ./img//cas2.jpeg  used on input line 64.
(pdftex.def)             Requested size: 160.59961pt x 80.04886pt.
File: ./img//logoUnisalento.jpg Graphic file (type jpg)
<use ./img//logoUnisalento.jpg>
Package pdftex.def Info: ./img//logoUnisalento.jpg  used on input line 67.
(pdftex.def)             Requested size: 85.35826pt x 29.86772pt.
[22pdfTeX warning (ext4): destination with the same identifier (name{figure.27}) has been already used, duplicate ignored
<argument> ...shipout:D \box_use:N \l_shipout_box 
                                                  
l.67         \end{figure}
                         pdfTeX warning (ext4): destination with the same identifier (name{figure.28}) has been already used, duplicate ignored
<argument> ...shipout:D \box_use:N \l_shipout_box 
                                                  
l.67         \end{figure}
                          </Users/matt/Documents/Github/latex-2nd-brain/Pianificazione Automatica e Sistemi di Supporto delle Decisioni/./img//rpp.jpeg> </Users/matt/Documents/Github/latex-2nd-brain/Pianificazione Automatica e Sistemi di Supporto delle Decisioni/./img//cas1.jpeg>]
<./img//pin.jpeg, id=655, 642.4pt x 441.65pt>
File: ./img//pin.jpeg Graphic file (type jpg)
<use ./img//pin.jpeg>
Package pdftex.def Info: ./img//pin.jpeg  used on input line 75.
(pdftex.def)             Requested size: 160.59961pt x 110.41222pt.
<./img//pam.jpeg, id=656, 642.4pt x 607.26875pt>
File: ./img//pam.jpeg Graphic file (type jpg)
<use ./img//pam.jpeg>
Package pdftex.def Info: ./img//pam.jpeg  used on input line 86.
(pdftex.def)             Requested size: 160.59961pt x 151.81682pt.
<./img//branchprob.jpeg, id=657, 642.4pt x 452.69125pt>
File: ./img//branchprob.jpeg Graphic file (type jpg)
<use ./img//branchprob.jpeg>
Package pdftex.def Info: ./img//branchprob.jpeg  used on input line 122.
(pdftex.def)             Requested size: 256.95544pt x 181.07329pt.

Overfull \hbox (4.95544pt too wide) in paragraph at lines 122--123
 [][] 
 []

<./img//child1.jpeg, id=658, 642.4pt x 428.60126pt>
File: ./img//child1.jpeg Graphic file (type jpg)
<use ./img//child1.jpeg>
Package pdftex.def Info: ./img//child1.jpeg  used on input line 134.
(pdftex.def)             Requested size: 256.95544pt x 171.43745pt.

Overfull \hbox (4.95544pt too wide) in paragraph at lines 134--135
 [][] 
 []


Underfull \vbox (badness 4660) has occurred while \output is active []

File: ./img//logoUnisalento.jpg Graphic file (type jpg)
<use ./img//logoUnisalento.jpg>
Package pdftex.def Info: ./img//logoUnisalento.jpg  used on input line 138.
(pdftex.def)             Requested size: 85.35826pt x 29.86772pt.
 [23pdfTeX warning (ext4): destination with the same identifier (name{figure.29}) has been already used, duplicate ignored
<argument> ...shipout:D \box_use:N \l_shipout_box 
                                                  
l.138 
      pdfTeX warning (ext4): destination with the same identifier (name{figure.30}) has been already used, duplicate ignored
<argument> ...shipout:D \box_use:N \l_shipout_box 
                                                  
l.138 
      pdfTeX warning (ext4): destination with the same identifier (name{figure.31}) has been already used, duplicate ignored
<argument> ...shipout:D \box_use:N \l_shipout_box 
                                                  
l.138 
      pdfTeX warning (ext4): destination with the same identifier (name{figure.32}) has been already used, duplicate ignored
<argument> ...shipout:D \box_use:N \l_shipout_box 
                                                  
l.138 
       </Users/matt/Documents/Github/latex-2nd-brain/Pianificazione Automatica e Sistemi di Supporto delle Decisioni/./img//cas2.jpeg> </Users/matt/Documents/Github/latex-2nd-brain/Pianificazione Automatica e Sistemi di Supporto delle Decisioni/./img//pin.jpeg> </Users/matt/Documents/Github/latex-2nd-brain/Pianificazione Automatica e Sistemi di Supporto delle Decisioni/./img//pam.jpeg> </Users/matt/Documents/Github/latex-2nd-brain/Pianificazione Automatica e Sistemi di Supporto delle Decisioni/./img//branchprob.jpeg>]
<./img//nop1.jpeg, id=670, 642.4pt x 325.215pt>
File: ./img//nop1.jpeg Graphic file (type jpg)
<use ./img//nop1.jpeg>
Package pdftex.def Info: ./img//nop1.jpeg  used on input line 171.
(pdftex.def)             Requested size: 256.95544pt x 130.0837pt.

Overfull \hbox (4.95544pt too wide) in paragraph at lines 171--172
 [][] 
 []

<./img//child2.jpeg, id=671, 642.4pt x 443.6575pt>
File: ./img//child2.jpeg Graphic file (type jpg)
<use ./img//child2.jpeg>
Package pdftex.def Info: ./img//child2.jpeg  used on input line 194.
(pdftex.def)             Requested size: 256.95544pt x 177.45984pt.

Overfull \hbox (4.95544pt too wide) in paragraph at lines 194--195
 [][] 
 []

<./img//nop4.jpeg, id=672, 642.4pt x 249.93375pt>
File: ./img//nop4.jpeg Graphic file (type jpg)
<use ./img//nop4.jpeg>
Package pdftex.def Info: ./img//nop4.jpeg  used on input line 201.
(pdftex.def)             Requested size: 256.95544pt x 99.97173pt.

Overfull \hbox (4.95544pt too wide) in paragraph at lines 201--202
 [][] 
 []

<./img//nop56.jpeg, id=673, 642.4pt x 242.9075pt>
File: ./img//nop56.jpeg Graphic file (type jpg)
<use ./img//nop56.jpeg>
Package pdftex.def Info: ./img//nop56.jpeg  used on input line 218.
(pdftex.def)             Requested size: 256.95544pt x 97.16127pt.

Overfull \hbox (4.95544pt too wide) in paragraph at lines 218--219
 [][] 
 []

<./img//child3.jpeg, id=674, 642.4pt x 414.54875pt>
File: ./img//child3.jpeg Graphic file (type jpg)
<use ./img//child3.jpeg>
Package pdftex.def Info: ./img//child3.jpeg  used on input line 225.
(pdftex.def)             Requested size: 256.95544pt x 165.81656pt.

Overfull \hbox (4.95544pt too wide) in paragraph at lines 225--226
 [][] 
 []

File: ./img//logoUnisalento.jpg Graphic file (type jpg)
<use ./img//logoUnisalento.jpg>
Package pdftex.def Info: ./img//logoUnisalento.jpg  used on input line 229.
(pdftex.def)             Requested size: 85.35826pt x 29.86772pt.
[24pdfTeX warning (ext4): destination with the same identifier (name{figure.33}) has been already used, duplicate ignored
<argument> ...shipout:D \box_use:N \l_shipout_box 
                                                  
l.229 
      pdfTeX warning (ext4): destination with the same identifier (name{figure.34}) has been already used, duplicate ignored
<argument> ...shipout:D \box_use:N \l_shipout_box 
                                                  
l.229 
      pdfTeX warning (ext4): destination with the same identifier (name{figure.35}) has been already used, duplicate ignored
<argument> ...shipout:D \box_use:N \l_shipout_box 
                                                  
l.229 
      pdfTeX warning (ext4): destination with the same identifier (name{figure.36}) has been already used, duplicate ignored
<argument> ...shipout:D \box_use:N \l_shipout_box 
                                                  
l.229 
      pdfTeX warning (ext4): destination with the same identifier (name{figure.37}) has been already used, duplicate ignored
<argument> ...shipout:D \box_use:N \l_shipout_box 
                                                  
l.229 
       </Users/matt/Documents/Github/latex-2nd-brain/Pianificazione Automatica e Sistemi di Supporto delle Decisioni/./img//child1.jpeg> </Users/matt/Documents/Github/latex-2nd-brain/Pianificazione Automatica e Sistemi di Supporto delle Decisioni/./img//nop1.jpeg> </Users/matt/Documents/Github/latex-2nd-brain/Pianificazione Automatica e Sistemi di Supporto delle Decisioni/./img//child2.jpeg> </Users/matt/Documents/Github/latex-2nd-brain/Pianificazione Automatica e Sistemi di Supporto delle Decisioni/./img//nop4.jpeg> </Users/matt/Documents/Github/latex-2nd-brain/Pianificazione Automatica e Sistemi di Supporto delle Decisioni/./img//nop56.jpeg>]
<./img//grafbab.jpeg, id=685, 513.92pt x 379.4175pt>
File: ./img//grafbab.jpeg Graphic file (type jpg)
<use ./img//grafbab.jpeg>
Package pdftex.def Info: ./img//grafbab.jpeg  used on input line 305.
(pdftex.def)             Requested size: 205.56435pt x 151.7643pt.
<./img//grafbab2.jpeg, id=686, 523.9575pt x 389.455pt>
File: ./img//grafbab2.jpeg Graphic file (type jpg)
<use ./img//grafbab2.jpeg>
Package pdftex.def Info: ./img//grafbab2.jpeg  used on input line 319.
(pdftex.def)             Requested size: 209.57928pt x 155.77924pt.
<./img//grafbab3.jpeg, id=687, 515.9275pt x 399.4925pt>
File: ./img//grafbab3.jpeg Graphic file (type jpg)
<use ./img//grafbab3.jpeg>
Package pdftex.def Info: ./img//grafbab3.jpeg  used on input line 338.
(pdftex.def)             Requested size: 206.36734pt x 159.79416pt.
File: ./img//logoUnisalento.jpg Graphic file (type jpg)
<use ./img//logoUnisalento.jpg>
Package pdftex.def Info: ./img//logoUnisalento.jpg  used on input line 342.
(pdftex.def)             Requested size: 85.35826pt x 29.86772pt.
 [25pdfTeX warning (ext4): destination with the same identifier (name{figure.38}) has been already used, duplicate ignored
<argument> ...shipout:D \box_use:N \l_shipout_box 
                                                  
l.342 
      pdfTeX warning (ext4): destination with the same identifier (name{figure.39}) has been already used, duplicate ignored
<argument> ...shipout:D \box_use:N \l_shipout_box 
                                                  
l.342 
      pdfTeX warning (ext4): destination with the same identifier (name{figure.40}) has been already used, duplicate ignored
<argument> ...shipout:D \box_use:N \l_shipout_box 
                                                  
l.342 
       </Users/matt/Documents/Github/latex-2nd-brain/Pianificazione Automatica e Sistemi di Supporto delle Decisioni/./img//child3.jpeg> </Users/matt/Documents/Github/latex-2nd-brain/Pianificazione Automatica e Sistemi di Supporto delle Decisioni/./img//grafbab.jpeg> </Users/matt/Documents/Github/latex-2nd-brain/Pianificazione Automatica e Sistemi di Supporto delle Decisioni/./img//grafbab2.jpeg>]
<./img//grafbab4.jpeg, id=696, 517.935pt x 367.3725pt>
File: ./img//grafbab4.jpeg Graphic file (type jpg)
<use ./img//grafbab4.jpeg>
Package pdftex.def Info: ./img//grafbab4.jpeg  used on input line 357.
(pdftex.def)             Requested size: 207.17032pt x 146.94638pt.
) (/Users/matt/Documents/Github/latex-2nd-brain/Pianificazione Automatica e Sistemi di Supporto delle Decisioni/sections/7_constructiveHeuristics/7_constructiveHeuristics.tex
File: ./img//logoUnisalento.jpg Graphic file (type jpg)
<use ./img//logoUnisalento.jpg>
Package pdftex.def Info: ./img//logoUnisalento.jpg  used on input line 63.
(pdftex.def)             Requested size: 85.35826pt x 29.86772pt.
 [26pdfTeX warning (ext4): destination with the same identifier (name{figure.41}) has been already used, duplicate ignored
<argument> ...shipout:D \box_use:N \l_shipout_box 
                                                  
l.63 $$
       pdfTeX warning (ext4): destination with the same identifier (name{figure.42}) has been already used, duplicate ignored
<argument> ...shipout:D \box_use:N \l_shipout_box 
                                                  
l.63 $$
        </Users/matt/Documents/Github/latex-2nd-brain/Pianificazione Automatica e Sistemi di Supporto delle Decisioni/./img//grafbab3.jpeg> </Users/matt/Documents/Github/latex-2nd-brain/Pianificazione Automatica e Sistemi di Supporto delle Decisioni/./img//grafbab4.jpeg>]
<./img//sep.jpeg, id=703, 642.4pt x 343.2825pt>
File: ./img//sep.jpeg Graphic file (type jpg)
<use ./img//sep.jpeg>
Package pdftex.def Info: ./img//sep.jpeg  used on input line 102.
(pdftex.def)             Requested size: 192.72148pt x 102.98553pt.
File: ./img//logoUnisalento.jpg Graphic file (type jpg)
<use ./img//logoUnisalento.jpg>
Package pdftex.def Info: ./img//logoUnisalento.jpg  used on input line 200.
(pdftex.def)             Requested size: 85.35826pt x 29.86772pt.
 [27pdfTeX warning (ext4): destination with the same identifier (name{figure.43}) has been already used, duplicate ignored
<argument> ...shipout:D \box_use:N \l_shipout_box 
                                                  
l.200         \end{itemize}
                            </Users/matt/Documents/Github/latex-2nd-brain/Pianificazione Automatica e Sistemi di Supporto delle Decisioni/./img//sep.jpeg>]
<./img//utop.jpeg, id=711, 473.77pt x 359.3425pt>
File: ./img//utop.jpeg Graphic file (type jpg)
<use ./img//utop.jpeg>
Package pdftex.def Info: ./img//utop.jpeg  used on input line 306.
(pdftex.def)             Requested size: 142.1321pt x 107.80357pt.
File: ./img//conv.jpeg Graphic file (type jpg)
<use ./img//conv.jpeg>
Package pdftex.def Info: ./img//conv.jpeg  used on input line 325.
(pdftex.def)             Requested size: 192.72148pt x 164.11438pt.
File: ./img//logoUnisalento.jpg Graphic file (type jpg)
<use ./img//logoUnisalento.jpg>
Package pdftex.def Info: ./img//logoUnisalento.jpg  used on input line 329.
(pdftex.def)             Requested size: 85.35826pt x 29.86772pt.
 [28pdfTeX warning (ext4): destination with the same identifier (name{figure.44}) has been already used, duplicate ignored
<argument> ...shipout:D \box_use:N \l_shipout_box 
                                                  
l.329 
       </Users/matt/Documents/Github/latex-2nd-brain/Pianificazione Automatica e Sistemi di Supporto delle Decisioni/./img//utop.jpeg>]
<./img//vinc.jpeg, id=724, 604.2575pt x 459.7175pt>
File: ./img//vinc.jpeg Graphic file (type jpg)
<use ./img//vinc.jpeg>
Package pdftex.def Info: ./img//vinc.jpeg  used on input line 348.
(pdftex.def)             Requested size: 181.27864pt x 137.9163pt.
<./img//pesi.jpeg, id=725, 642.4pt x 456.70625pt>
File: ./img//pesi.jpeg Graphic file (type jpg)
<use ./img//pesi.jpeg>
Package pdftex.def Info: ./img//pesi.jpeg  used on input line 366.
(pdftex.def)             Requested size: 192.72148pt x 137.01292pt.

Underfull \vbox (badness 1253) has occurred while \output is active []

<./img//intent.jpeg, id=726, 435.6275pt x 231.86626pt>
File: ./img//intent.jpeg Graphic file (type jpg)
<use ./img//intent.jpeg>
Package pdftex.def Info: ./img//intent.jpeg  used on input line 412.
(pdftex.def)             Requested size: 217.81322pt x 115.93283pt.
)
File: ./img//logoUnisalento.jpg Graphic file (type jpg)
<use ./img//logoUnisalento.jpg>
Package pdftex.def Info: ./img//logoUnisalento.jpg  used on input line 145.
(pdftex.def)             Requested size: 85.35826pt x 29.86772pt.
 [29pdfTeX warning (ext4): destination with the same identifier (name{figure.45}) has been already used, duplicate ignored
<argument> ...shipout:D \box_use:N \l_shipout_box 
                                                  
l.145 \end{document}
                    pdfTeX warning (ext4): destination with the same identifier (name{figure.46}) has been already used, duplicate ignored
<argument> ...shipout:D \box_use:N \l_shipout_box 
                                                  
l.145 \end{document}
                    pdfTeX warning (ext4): destination with the same identifier (name{figure.47}) has been already used, duplicate ignored
<argument> ...shipout:D \box_use:N \l_shipout_box 
                                                  
l.145 \end{document}
                    pdfTeX warning (ext4): destination with the same identifier (name{figure.48}) has been already used, duplicate ignored
<argument> ...shipout:D \box_use:N \l_shipout_box 
                                                  
l.145 \end{document}
                     </Users/matt/Documents/Github/latex-2nd-brain/Pianificazione Automatica e Sistemi di Supporto delle Decisioni/./img//vinc.jpeg> </Users/matt/Documents/Github/latex-2nd-brain/Pianificazione Automatica e Sistemi di Supporto delle Decisioni/./img//pesi.jpeg> </Users/matt/Documents/Github/latex-2nd-brain/Pianificazione Automatica e Sistemi di Supporto delle Decisioni/./img//intent.jpeg>] (/Users/matt/Documents/Github/latex-2nd-brain/Pianificazione Automatica e Sistemi di Supporto delle Decisioni/main.aux)

LaTeX Font Warning: Some font shapes were not available, defaults substituted.


LaTeX Warning: There were multiply-defined labels.

Package rerunfilecheck Info: File `main.out' has not changed.
(rerunfilecheck)             Checksum: 1552B69CCB925956F3A3BBF390F6ED26;14140.
 ) 
Here is how much of TeX's memory you used:
 15212 strings out of 478994
 230462 string characters out of 5858185
 713999 words of memory out of 5000000
 32074 multiletter control sequences out of 15000+600000
 443689 words of font info for 110 fonts, out of 8000000 for 9000
 1144 hyphenation exceptions out of 8191
 81i,15n,88p,592b,1087s stack positions out of 5000i,500n,10000p,200000b,80000s
{/usr/local/texlive/2021/texmf-dist/fonts/enc/dvips/base/8r.enc}</usr/local/texlive/2021/texmf-dist/fonts/type1/public/amsfonts/cm/cmex10.pfb></usr/local/texlive/2021/texmf-dist/fonts/type1/public/amsfonts/cm/cmmi10.pfb></usr/local/texlive/2021/texmf-dist/fonts/type1/public/amsfonts/cm/cmmi5.pfb></usr/local/texlive/2021/texmf-dist/fonts/type1/public/amsfonts/cm/cmmi6.pfb></usr/local/texlive/2021/texmf-dist/fonts/type1/public/amsfonts/cm/cmmi7.pfb></usr/local/texlive/2021/texmf-dist/fonts/type1/public/amsfonts/cm/cmmi8.pfb></usr/local/texlive/2021/texmf-dist/fonts/type1/public/amsfonts/cm/cmr10.pfb></usr/local/texlive/2021/texmf-dist/fonts/type1/public/amsfonts/cm/cmr6.pfb></usr/local/texlive/2021/texmf-dist/fonts/type1/public/amsfonts/cm/cmr7.pfb></usr/local/texlive/2021/texmf-dist/fonts/type1/public/amsfonts/cm/cmr8.pfb></usr/local/texlive/2021/texmf-dist/fonts/type1/public/amsfonts/cm/cmsy10.pfb></usr/local/texlive/2021/texmf-dist/fonts/type1/public/amsfonts/cm/cmsy7.pfb></usr/local/texlive/2021/texmf-dist/fonts/type1/public/amsfonts/cm/cmsy8.pfb></usr/local/texlive/2021/texmf-dist/fonts/type1/urw/courier/ucrr8a.pfb></usr/local/texlive/2021/texmf-dist/fonts/type1/urw/times/utmb8a.pfb></usr/local/texlive/2021/texmf-dist/fonts/type1/urw/times/utmr8a.pfb></usr/local/texlive/2021/texmf-dist/fonts/type1/urw/times/utmri8a.pfb>
Output written on "/Users/matt/Documents/Github/latex-2nd-brain/Pianificazione Automatica e Sistemi di Supporto delle Decisioni/main.pdf" (29 pages, 1974206 bytes).
PDF statistics:
 850 PDF objects out of 1000 (max. 8388607)
 746 compressed objects within 8 object streams
 258 named destinations out of 1000 (max. 500000)
 857 words of extra memory for PDF output out of 10000 (max. 10000000)

