\BOOKMARK [1][-]{section.1}{\376\377\000L\000i\000b\000r\000i\000\040\000d\000i\000\040\000t\000e\000s\000t\000o\000\040\000c\000o\000n\000s\000i\000g\000l\000i\000a\000t\000i}{}% 1
\BOOKMARK [1][-]{section.2}{\376\377\000C\000o\000m\000a\000n\000d\000i\000\040\000u\000t\000i\000l\000i}{}% 2
\BOOKMARK [2][-]{subsection.2.1}{\376\377\000f\000i\000n\000d\000:\000\040\000t\000r\000o\000v\000a\000r\000e\000\040\000t\000u\000t\000t\000i\000\040\000i\000\040\000f\000i\000l\000e\000\040\000e\000s\000e\000g\000u\000i\000b\000i\000l\000i}{section.2}% 3
\BOOKMARK [2][-]{subsection.2.2}{\376\377\000f\000i\000n\000d\000:\000\040\000t\000r\000o\000v\000a\000r\000e\000\040\000f\000i\000l\000e\000\040\000d\000i\000\040\000i\000n\000t\000e\000s\000t\000a\000z\000i\000o\000n\000e\000\040\000d\000e\000l\000\040\000m\000a\000c\000\040\000c\000o\000m\000e\000\040\000s\000t\000d\000i\000o\000.\000h}{section.2}% 4
\BOOKMARK [2][-]{subsection.2.3}{\376\377\000l\000l\000d\000:\000\040\000p\000e\000r\000\040\000c\000a\000p\000i\000r\000e\000\040\000c\000h\000e\000\040\000l\000i\000b\000r\000e\000r\000i\000e\000\040\000u\000s\000a\000\040\000i\000l\000\040\000c\000o\000d\000i\000c\000e}{section.2}% 5
\BOOKMARK [2][-]{subsection.2.4}{\376\377\000g\000c\000c\000:\000\040\000p\000e\000r\000\040\000v\000e\000d\000e\000r\000e\000\040\000t\000u\000t\000t\000a\000\040\000l\000a\000\040\000g\000e\000r\000a\000r\000c\000h\000i\000a\000\040\000d\000i\000\040\000f\000i\000l\000e\000\040\000i\000n\000\040\000u\000n\000a\000\040\000l\000i\000b\000r\000e\000r\000i\000a}{section.2}% 6
\BOOKMARK [2][-]{subsection.2.5}{\376\377\000g\000c\000c\000:\000\040\000p\000e\000r\000\040\000v\000e\000d\000e\000r\000e\000\040\000i\000l\000\040\000c\000o\000d\000i\000c\000e\000\040\000c\000o\000n\000\040\000t\000u\000t\000t\000i\000\040\000i\000\040\000f\000i\000l\000e\000\040\000i\000m\000p\000o\000r\000t\000a\000t\000i}{section.2}% 7
\BOOKMARK [2][-]{subsection.2.6}{\376\377\000g\000c\000c\000\040\000-\000g\000:\000\040\000d\000e\000b\000u\000g\000g\000i\000n\000g\000\040\000d\000e\000b\000o\000l\000e}{section.2}% 8
\BOOKMARK [2][-]{subsection.2.7}{\376\377\000g\000c\000c\000\040\000-\000g\000g\000b\000d\000:\000\040\000d\000e\000b\000u\000g\000g\000i\000n\000g\000\040\000f\000o\000r\000t\000e}{section.2}% 9
\BOOKMARK [2][-]{subsection.2.8}{\376\377\000x\000a\000t\000t\000r\000:\000\040\000u\000s\000a\000t\000o\000\040\000p\000e\000r\000\040\000i\000\040\000f\000i\000l\000e\000\040\000c\000h\000e\000\040\000e\000n\000t\000r\000a\000n\000o\000\040\000i\000n\000\040\000q\000u\000a\000r\000a\000n\000t\000e\000n\000a\000\040\000s\000u\000\040\000M\000a\000c\000O\000S}{section.2}% 10
\BOOKMARK [1][-]{section.3}{\376\377\000V\000a\000r\000i\000a\000b\000i\000l\000i\000\040\000d\000i\000\040\000s\000i\000s\000t\000e\000m\000a\000\040\000d\000e\000f\000i\000n\000i\000t\000e\000\040\000i\000n\000\040\000.\000b\000a\000s\000h\000r\000c}{}% 11
\BOOKMARK [2][-]{subsection.3.1}{\376\377\000I\000N\000C}{section.3}% 12
\BOOKMARK [1][-]{section.4}{\376\377\000I\000n\000t\000r\000o\000d\000u\000z\000i\000o\000n\000e\000\040\000-\000\040\0002\0003\000/\0002\0007\000.\0000\0009\000.\0002\0002}{}% 13
\BOOKMARK [2][-]{subsection.4.1}{\376\377\000S\000y\000s\000t\000e\000m\000\040\000c\000a\000l\000l}{section.4}% 14
\BOOKMARK [2][-]{subsection.4.2}{\376\377\000P\000r\000o\000g\000r\000a\000m\000m\000a\000\040\000M\000a\000k\000e\000\040\000-\000\040\0003\0000\000.\0000\0009\000.\0002\0002}{section.4}% 15
\BOOKMARK [2][-]{subsection.4.3}{\376\377\000D\000i\000r\000e\000t\000t\000i\000v\000e\000\040\000d\000i\000\040\000p\000r\000e\000p\000r\000o\000c\000e\000s\000s\000o\000r\000e\000\040\000-\000\040\0002\0008\000.\0000\0009\000.\0002\0002}{section.4}% 16
\BOOKMARK [2][-]{subsection.4.4}{\376\377\000L\000i\000b\000r\000e\000r\000i\000e}{section.4}% 17
\BOOKMARK [2][-]{subsection.4.5}{\376\377\000C\000r\000e\000a\000z\000i\000o\000n\000e\000\040\000l\000i\000b\000r\000e\000r\000i\000e}{section.4}% 18
\BOOKMARK [2][-]{subsection.4.6}{\376\377\000A\000g\000g\000i\000o\000r\000n\000a\000m\000e\000n\000t\000o\000\040\000l\000i\000b\000r\000e\000r\000i\000e}{section.4}% 19
\BOOKMARK [1][-]{section.5}{\376\377\000S\000y\000s\000t\000e\000m\000\040\000c\000a\000l\000l}{}% 20
\BOOKMARK [2][-]{subsection.5.1}{\376\377\000F\000u\000n\000z\000i\000o\000n\000i\000\040\000e\000\040\000s\000y\000s\000t\000e\000m\000\040\000c\000a\000l\000l}{section.5}% 21
\BOOKMARK [2][-]{subsection.5.2}{\376\377\000C\000a\000p\000i\000r\000e\000\040\000s\000e\000\040\000u\000n\000a\000\040\000f\000u\000n\000z\000i\000o\000n\000e\000\040\000\350\000\040\000u\000n\000a\000\040\000s\000y\000s\000t\000e\000m\000\040\000c\000a\000l\000l}{section.5}% 22
\BOOKMARK [1][-]{section*.2}{\376\377\000R\000i\000f\000e\000r\000i\000m\000e\000n\000t\000i\000\040\000b\000i\000b\000l\000i\000o\000g\000r\000a\000f\000i\000c\000i}{}% 23
